Arguments: 
  /usr/local/bin/node /usr/local/Cellar/yarn/1.22.0/libexec/bin/yarn.js add -D @babel/core @baber/preset-env @babel/polyfill babel-loader svelte-loader

PATH: 
  /usr/local/opt/php@7.2/sbin:/usr/local/opt/php@7.2/sbin:/usr/local/opt/php@7.2/bin:/usr/local/bin:/usr/bin:/bin:/usr/sbin:/sbin:/usr/local/share/dotnet:/Library/Frameworks/Mono.framework/Versions/Current/Commands:/usr/local/opt/php@7.2/sbin:/usr/local/opt/php@7.2/bin:/Users/movil/.rvm/bin:/Users/movil/.composer/vendor/bin:/usr/local/mysql/bin:/Users/movil/.rvm/bin:/Users/movil/.composer/vendor/bin:/usr/local/mysql/bin

Yarn version: 
  1.22.0

Node version: 
  12.16.2

Platform: 
  darwin x64

Trace: 
  Error: https://registry.yarnpkg.com/@baber%2fpreset-env: Not found
      at Request.params.callback [as _callback] (/usr/local/Cellar/yarn/1.22.0/libexec/lib/cli.js:66975:18)
      at Request.self.callback (/usr/local/Cellar/yarn/1.22.0/libexec/lib/cli.js:140727:22)
      at Request.emit (events.js:310:20)
      at Request.<anonymous> (/usr/local/Cellar/yarn/1.22.0/libexec/lib/cli.js:141699:10)
      at Request.emit (events.js:310:20)
      at IncomingMessage.<anonymous> (/usr/local/Cellar/yarn/1.22.0/libexec/lib/cli.js:141621:12)
      at Object.onceWrapper (events.js:416:28)
      at IncomingMessage.emit (events.js:322:22)
      at endReadableNT (_stream_readable.js:1187:12)
      at processTicksAndRejections (internal/process/task_queues.js:84:21)

npm manifest: 
  {
    "name": "pugstagram",
    "version": "1.0.0",
    "main": "index.js",
    "author": "Kegovc <octaviovcruz@hotmail.com>",
    "license": "MIT",
    "dependencies": {
      "svelte": "^3.21.0"
    }
  }

yarn manifest: 
  No manifest

Lockfile: 
  # THIS IS AN AUTOGENERATED FILE. DO NOT EDIT THIS FILE DIRECTLY.
  # yarn lockfile v1
  
  
  svelte@^3.21.0:
    version "3.21.0"
    resolved "https://registry.yarnpkg.com/svelte/-/svelte-3.21.0.tgz#e326591cb92267e90b4fb5b961d80d9763792551"
    integrity sha512-smh3LZKPCGJ+UXa0iZvUmuDctPYCwPY1opmClTWTm+l6e4y9FHLoCZMiue8YIeyc9JvlGT/EK0xry0diXjFDZQ==
